<?xml version="1.0" encoding="UTF-8"?>
<testsuite xmlns:xsi="http://www.w3.org/2001/XMLSchema-instance" xsi:noNamespaceSchemaLocation="https://maven.apache.org/surefire/maven-surefire-plugin/xsd/surefire-test-report-3.0.xsd" version="3.0" name="demoblaze.demoblaseTest" time="17.016" tests="3" errors="0" skipped="0" failures="0">
  <properties>
[...]
</properties>
  <testcase name="NavegarCategoriamonitors" classname="demoblaze.demoblaseTest" time="6.085"/>
  <testcase name="NavegarCategoriaLaptop" classname="demoblaze.demoblaseTest" time="4.854"/>
  <testcase name="NavegarCategoriaPhones" classname="demoblaze.demoblaseTest" time="6.04"/>
</testsuite>